  C++.cpp
C:\Program Files\Microsoft Visual Studio\2022\Community\VC\Tools\MSVC\14.42.34433\include\xutility(406,82): warning C4244: аргумент: преобразование "_Ty" в "float", возможна потеря данных
C:\Program Files\Microsoft Visual Studio\2022\Community\VC\Tools\MSVC\14.42.34433\include\xutility(406,82): warning C4244:         with
C:\Program Files\Microsoft Visual Studio\2022\Community\VC\Tools\MSVC\14.42.34433\include\xutility(406,82): warning C4244:         [
C:\Program Files\Microsoft Visual Studio\2022\Community\VC\Tools\MSVC\14.42.34433\include\xutility(406,82): warning C4244:             _Ty=int
C:\Program Files\Microsoft Visual Studio\2022\Community\VC\Tools\MSVC\14.42.34433\include\xutility(406,82): warning C4244:         ]
  (компиляция исходного файла "C++.cpp")
      C:\Program Files\Microsoft Visual Studio\2022\Community\VC\Tools\MSVC\14.42.34433\include\xutility(406,82):
      контекст создания экземпляра шаблона (сначала самый старый)
          C:\Users\user\source\repos\C++\C++.cpp(153,39):
          выполняется компиляция ссылки на экземпляр шаблон функции "std::shared_ptr<IrrigatedField> std::make_shared<IrrigatedField,int,PricingPolicy&,int>(int &&,PricingPolicy &,int &&)"
          C:\Program Files\Microsoft Visual Studio\2022\Community\VC\Tools\MSVC\14.42.34433\include\memory(2906,46):
          выполняется компиляция ссылки на экземпляр шаблон функции "std::_Ref_count_obj2<IrrigatedField>::_Ref_count_obj2<_Ty,PricingPolicy&,_Ty>(_Ty &&,PricingPolicy &,_Ty &&)"
          with
          [
              _Ty=int
          ]
          C:\Program Files\Microsoft Visual Studio\2022\Community\VC\Tools\MSVC\14.42.34433\include\memory(2095,18):
          выполняется компиляция ссылки на экземпляр шаблон функции "void std::_Construct_in_place<_Ty,int,PricingPolicy&,int>(_Ty &,int &&,PricingPolicy &,int &&) noexcept(false)"
          with
          [
              _Ty=IrrigatedField
          ]
  
  C++.vcxproj -> C:\Users\user\source\repos\C++\x64\Debug\C++.exe
